No CUDA runtime is found, using CUDA_HOME='/usr/local/cuda'
running install
/home/DAVIDSON/taawal/.conda/envs/alpha/lib/python3.10/site-packages/setuptools/_distutils/cmd.py:66: SetuptoolsDeprecationWarning: setup.py install is deprecated.
!!

        ********************************************************************************
        Please avoid running ``setup.py`` directly.
        Instead, use pypa/build, pypa/installer or other
        standards-based tools.

        See https://blog.ganssle.io/articles/2021/10/setup-py-deprecated.html for details.
        ********************************************************************************

!!
  self.initialize_options()
/home/DAVIDSON/taawal/.conda/envs/alpha/lib/python3.10/site-packages/setuptools/_distutils/cmd.py:66: EasyInstallDeprecationWarning: easy_install command is deprecated.
!!

        ********************************************************************************
        Please avoid running ``setup.py`` and ``easy_install``.
        Instead, use pypa/build, pypa/installer or other
        standards-based tools.

        See https://github.com/pypa/setuptools/issues/917 for details.
        ********************************************************************************

!!
  self.initialize_options()
running bdist_egg
running egg_info
creating chamfer.egg-info
writing chamfer.egg-info/PKG-INFO
writing dependency_links to chamfer.egg-info/dependency_links.txt
writing top-level names to chamfer.egg-info/top_level.txt
writing manifest file 'chamfer.egg-info/SOURCES.txt'
/home/DAVIDSON/taawal/.conda/envs/alpha/lib/python3.10/site-packages/torch/utils/cpp_extension.py:476: UserWarning: Attempted to use ninja as the BuildExtension backend but we could not find ninja.. Falling back to using the slow distutils backend.
  warnings.warn(msg.format('we could not find ninja.'))
reading manifest file 'chamfer.egg-info/SOURCES.txt'
writing manifest file 'chamfer.egg-info/SOURCES.txt'
installing library code to build/bdist.linux-x86_64/egg
running install_lib
running build_ext
/home/DAVIDSON/taawal/.conda/envs/alpha/lib/python3.10/site-packages/torch/utils/cpp_extension.py:388: UserWarning: The detected CUDA version (11.8) has a minor version mismatch with the version that was used to compile PyTorch (11.7). Most likely this shouldn't be a problem.
  warnings.warn(CUDA_MISMATCH_WARN.format(cuda_str_version, torch.version.cuda))
/home/DAVIDSON/taawal/.conda/envs/alpha/lib/python3.10/site-packages/torch/utils/cpp_extension.py:398: UserWarning: There are no g++ version bounds defined for CUDA version 11.8
  warnings.warn(f'There are no {compiler_name} version bounds defined for CUDA version {cuda_str_version}')
building 'chamfer' extension
creating build
creating build/temp.linux-x86_64-cpython-310
Traceback (most recent call last):
  File "/home/DAVIDSON/taawal/ATTPCPoinTr/extensions/chamfer_dist/setup.py", line 11, in <module>
    setup(name='chamfer',
  File "/home/DAVIDSON/taawal/.conda/envs/alpha/lib/python3.10/site-packages/setuptools/__init__.py", line 107, in setup
    return distutils.core.setup(**attrs)
  File "/home/DAVIDSON/taawal/.conda/envs/alpha/lib/python3.10/site-packages/setuptools/_distutils/core.py", line 185, in setup
    return run_commands(dist)
  File "/home/DAVIDSON/taawal/.conda/envs/alpha/lib/python3.10/site-packages/setuptools/_distutils/core.py", line 201, in run_commands
    dist.run_commands()
  File "/home/DAVIDSON/taawal/.conda/envs/alpha/lib/python3.10/site-packages/setuptools/_distutils/dist.py", line 969, in run_commands
    self.run_command(cmd)
  File "/home/DAVIDSON/taawal/.conda/envs/alpha/lib/python3.10/site-packages/setuptools/dist.py", line 1234, in run_command
    super().run_command(command)
  File "/home/DAVIDSON/taawal/.conda/envs/alpha/lib/python3.10/site-packages/setuptools/_distutils/dist.py", line 988, in run_command
    cmd_obj.run()
  File "/home/DAVIDSON/taawal/.conda/envs/alpha/lib/python3.10/site-packages/setuptools/command/install.py", line 80, in run
    self.do_egg_install()
  File "/home/DAVIDSON/taawal/.conda/envs/alpha/lib/python3.10/site-packages/setuptools/command/install.py", line 129, in do_egg_install
    self.run_command('bdist_egg')
  File "/home/DAVIDSON/taawal/.conda/envs/alpha/lib/python3.10/site-packages/setuptools/_distutils/cmd.py", line 318, in run_command
    self.distribution.run_command(command)
  File "/home/DAVIDSON/taawal/.conda/envs/alpha/lib/python3.10/site-packages/setuptools/dist.py", line 1234, in run_command
    super().run_command(command)
  File "/home/DAVIDSON/taawal/.conda/envs/alpha/lib/python3.10/site-packages/setuptools/_distutils/dist.py", line 988, in run_command
    cmd_obj.run()
  File "/home/DAVIDSON/taawal/.conda/envs/alpha/lib/python3.10/site-packages/setuptools/command/bdist_egg.py", line 164, in run
    cmd = self.call_command('install_lib', warn_dir=0)
  File "/home/DAVIDSON/taawal/.conda/envs/alpha/lib/python3.10/site-packages/setuptools/command/bdist_egg.py", line 150, in call_command
    self.run_command(cmdname)
  File "/home/DAVIDSON/taawal/.conda/envs/alpha/lib/python3.10/site-packages/setuptools/_distutils/cmd.py", line 318, in run_command
    self.distribution.run_command(command)
  File "/home/DAVIDSON/taawal/.conda/envs/alpha/lib/python3.10/site-packages/setuptools/dist.py", line 1234, in run_command
    super().run_command(command)
  File "/home/DAVIDSON/taawal/.conda/envs/alpha/lib/python3.10/site-packages/setuptools/_distutils/dist.py", line 988, in run_command
    cmd_obj.run()
  File "/home/DAVIDSON/taawal/.conda/envs/alpha/lib/python3.10/site-packages/setuptools/command/install_lib.py", line 11, in run
    self.build()
  File "/home/DAVIDSON/taawal/.conda/envs/alpha/lib/python3.10/site-packages/setuptools/_distutils/command/install_lib.py", line 111, in build
    self.run_command('build_ext')
  File "/home/DAVIDSON/taawal/.conda/envs/alpha/lib/python3.10/site-packages/setuptools/_distutils/cmd.py", line 318, in run_command
    self.distribution.run_command(command)
  File "/home/DAVIDSON/taawal/.conda/envs/alpha/lib/python3.10/site-packages/setuptools/dist.py", line 1234, in run_command
    super().run_command(command)
  File "/home/DAVIDSON/taawal/.conda/envs/alpha/lib/python3.10/site-packages/setuptools/_distutils/dist.py", line 988, in run_command
    cmd_obj.run()
  File "/home/DAVIDSON/taawal/.conda/envs/alpha/lib/python3.10/site-packages/setuptools/command/build_ext.py", line 84, in run
    _build_ext.run(self)
  File "/home/DAVIDSON/taawal/.conda/envs/alpha/lib/python3.10/site-packages/setuptools/_distutils/command/build_ext.py", line 345, in run
    self.build_extensions()
  File "/home/DAVIDSON/taawal/.conda/envs/alpha/lib/python3.10/site-packages/torch/utils/cpp_extension.py", line 843, in build_extensions
    build_ext.build_extensions(self)
  File "/home/DAVIDSON/taawal/.conda/envs/alpha/lib/python3.10/site-packages/setuptools/_distutils/command/build_ext.py", line 467, in build_extensions
    self._build_extensions_serial()
  File "/home/DAVIDSON/taawal/.conda/envs/alpha/lib/python3.10/site-packages/setuptools/_distutils/command/build_ext.py", line 493, in _build_extensions_serial
    self.build_extension(ext)
  File "/home/DAVIDSON/taawal/.conda/envs/alpha/lib/python3.10/site-packages/setuptools/command/build_ext.py", line 246, in build_extension
    _build_ext.build_extension(self, ext)
  File "/home/DAVIDSON/taawal/.conda/envs/alpha/lib/python3.10/site-packages/setuptools/_distutils/command/build_ext.py", line 548, in build_extension
    objects = self.compiler.compile(
  File "/home/DAVIDSON/taawal/.conda/envs/alpha/lib/python3.10/site-packages/setuptools/_distutils/ccompiler.py", line 600, in compile
    self._compile(obj, src, ext, cc_args, extra_postargs, pp_opts)
  File "/home/DAVIDSON/taawal/.conda/envs/alpha/lib/python3.10/site-packages/torch/utils/cpp_extension.py", line 581, in unix_wrap_single_compile
    cflags = unix_cuda_flags(cflags)
  File "/home/DAVIDSON/taawal/.conda/envs/alpha/lib/python3.10/site-packages/torch/utils/cpp_extension.py", line 548, in unix_cuda_flags
    cflags + _get_cuda_arch_flags(cflags))
  File "/home/DAVIDSON/taawal/.conda/envs/alpha/lib/python3.10/site-packages/torch/utils/cpp_extension.py", line 1773, in _get_cuda_arch_flags
    arch_list[-1] += '+PTX'
IndexError: list index out of range
No CUDA runtime is found, using CUDA_HOME='/usr/local/cuda'
running install
/home/DAVIDSON/taawal/.conda/envs/alpha/lib/python3.10/site-packages/setuptools/_distutils/cmd.py:66: SetuptoolsDeprecationWarning: setup.py install is deprecated.
!!

        ********************************************************************************
        Please avoid running ``setup.py`` directly.
        Instead, use pypa/build, pypa/installer or other
        standards-based tools.

        See https://blog.ganssle.io/articles/2021/10/setup-py-deprecated.html for details.
        ********************************************************************************

!!
  self.initialize_options()
/home/DAVIDSON/taawal/.conda/envs/alpha/lib/python3.10/site-packages/setuptools/_distutils/cmd.py:66: EasyInstallDeprecationWarning: easy_install command is deprecated.
!!

        ********************************************************************************
        Please avoid running ``setup.py`` and ``easy_install``.
        Instead, use pypa/build, pypa/installer or other
        standards-based tools.

        See https://github.com/pypa/setuptools/issues/917 for details.
        ********************************************************************************

!!
  self.initialize_options()
running bdist_egg
running egg_info
creating cubic_feature_sampling.egg-info
writing cubic_feature_sampling.egg-info/PKG-INFO
writing dependency_links to cubic_feature_sampling.egg-info/dependency_links.txt
writing top-level names to cubic_feature_sampling.egg-info/top_level.txt
writing manifest file 'cubic_feature_sampling.egg-info/SOURCES.txt'
/home/DAVIDSON/taawal/.conda/envs/alpha/lib/python3.10/site-packages/torch/utils/cpp_extension.py:476: UserWarning: Attempted to use ninja as the BuildExtension backend but we could not find ninja.. Falling back to using the slow distutils backend.
  warnings.warn(msg.format('we could not find ninja.'))
reading manifest file 'cubic_feature_sampling.egg-info/SOURCES.txt'
writing manifest file 'cubic_feature_sampling.egg-info/SOURCES.txt'
installing library code to build/bdist.linux-x86_64/egg
running install_lib
running build_ext
/home/DAVIDSON/taawal/.conda/envs/alpha/lib/python3.10/site-packages/torch/utils/cpp_extension.py:388: UserWarning: The detected CUDA version (11.8) has a minor version mismatch with the version that was used to compile PyTorch (11.7). Most likely this shouldn't be a problem.
  warnings.warn(CUDA_MISMATCH_WARN.format(cuda_str_version, torch.version.cuda))
/home/DAVIDSON/taawal/.conda/envs/alpha/lib/python3.10/site-packages/torch/utils/cpp_extension.py:398: UserWarning: There are no g++ version bounds defined for CUDA version 11.8
  warnings.warn(f'There are no {compiler_name} version bounds defined for CUDA version {cuda_str_version}')
building 'cubic_feature_sampling' extension
creating build
creating build/temp.linux-x86_64-cpython-310
Traceback (most recent call last):
  File "/home/DAVIDSON/taawal/ATTPCPoinTr/extensions/cubic_feature_sampling/setup.py", line 11, in <module>
    setup(name='cubic_feature_sampling',
  File "/home/DAVIDSON/taawal/.conda/envs/alpha/lib/python3.10/site-packages/setuptools/__init__.py", line 107, in setup
    return distutils.core.setup(**attrs)
  File "/home/DAVIDSON/taawal/.conda/envs/alpha/lib/python3.10/site-packages/setuptools/_distutils/core.py", line 185, in setup
    return run_commands(dist)
  File "/home/DAVIDSON/taawal/.conda/envs/alpha/lib/python3.10/site-packages/setuptools/_distutils/core.py", line 201, in run_commands
    dist.run_commands()
  File "/home/DAVIDSON/taawal/.conda/envs/alpha/lib/python3.10/site-packages/setuptools/_distutils/dist.py", line 969, in run_commands
    self.run_command(cmd)
  File "/home/DAVIDSON/taawal/.conda/envs/alpha/lib/python3.10/site-packages/setuptools/dist.py", line 1234, in run_command
    super().run_command(command)
  File "/home/DAVIDSON/taawal/.conda/envs/alpha/lib/python3.10/site-packages/setuptools/_distutils/dist.py", line 988, in run_command
    cmd_obj.run()
  File "/home/DAVIDSON/taawal/.conda/envs/alpha/lib/python3.10/site-packages/setuptools/command/install.py", line 80, in run
    self.do_egg_install()
  File "/home/DAVIDSON/taawal/.conda/envs/alpha/lib/python3.10/site-packages/setuptools/command/install.py", line 129, in do_egg_install
    self.run_command('bdist_egg')
  File "/home/DAVIDSON/taawal/.conda/envs/alpha/lib/python3.10/site-packages/setuptools/_distutils/cmd.py", line 318, in run_command
    self.distribution.run_command(command)
  File "/home/DAVIDSON/taawal/.conda/envs/alpha/lib/python3.10/site-packages/setuptools/dist.py", line 1234, in run_command
    super().run_command(command)
  File "/home/DAVIDSON/taawal/.conda/envs/alpha/lib/python3.10/site-packages/setuptools/_distutils/dist.py", line 988, in run_command
    cmd_obj.run()
  File "/home/DAVIDSON/taawal/.conda/envs/alpha/lib/python3.10/site-packages/setuptools/command/bdist_egg.py", line 164, in run
    cmd = self.call_command('install_lib', warn_dir=0)
  File "/home/DAVIDSON/taawal/.conda/envs/alpha/lib/python3.10/site-packages/setuptools/command/bdist_egg.py", line 150, in call_command
    self.run_command(cmdname)
  File "/home/DAVIDSON/taawal/.conda/envs/alpha/lib/python3.10/site-packages/setuptools/_distutils/cmd.py", line 318, in run_command
    self.distribution.run_command(command)
  File "/home/DAVIDSON/taawal/.conda/envs/alpha/lib/python3.10/site-packages/setuptools/dist.py", line 1234, in run_command
    super().run_command(command)
  File "/home/DAVIDSON/taawal/.conda/envs/alpha/lib/python3.10/site-packages/setuptools/_distutils/dist.py", line 988, in run_command
    cmd_obj.run()
  File "/home/DAVIDSON/taawal/.conda/envs/alpha/lib/python3.10/site-packages/setuptools/command/install_lib.py", line 11, in run
    self.build()
  File "/home/DAVIDSON/taawal/.conda/envs/alpha/lib/python3.10/site-packages/setuptools/_distutils/command/install_lib.py", line 111, in build
    self.run_command('build_ext')
  File "/home/DAVIDSON/taawal/.conda/envs/alpha/lib/python3.10/site-packages/setuptools/_distutils/cmd.py", line 318, in run_command
    self.distribution.run_command(command)
  File "/home/DAVIDSON/taawal/.conda/envs/alpha/lib/python3.10/site-packages/setuptools/dist.py", line 1234, in run_command
    super().run_command(command)
  File "/home/DAVIDSON/taawal/.conda/envs/alpha/lib/python3.10/site-packages/setuptools/_distutils/dist.py", line 988, in run_command
    cmd_obj.run()
  File "/home/DAVIDSON/taawal/.conda/envs/alpha/lib/python3.10/site-packages/setuptools/command/build_ext.py", line 84, in run
    _build_ext.run(self)
  File "/home/DAVIDSON/taawal/.conda/envs/alpha/lib/python3.10/site-packages/setuptools/_distutils/command/build_ext.py", line 345, in run
    self.build_extensions()
  File "/home/DAVIDSON/taawal/.conda/envs/alpha/lib/python3.10/site-packages/torch/utils/cpp_extension.py", line 843, in build_extensions
    build_ext.build_extensions(self)
  File "/home/DAVIDSON/taawal/.conda/envs/alpha/lib/python3.10/site-packages/setuptools/_distutils/command/build_ext.py", line 467, in build_extensions
    self._build_extensions_serial()
  File "/home/DAVIDSON/taawal/.conda/envs/alpha/lib/python3.10/site-packages/setuptools/_distutils/command/build_ext.py", line 493, in _build_extensions_serial
    self.build_extension(ext)
  File "/home/DAVIDSON/taawal/.conda/envs/alpha/lib/python3.10/site-packages/setuptools/command/build_ext.py", line 246, in build_extension
    _build_ext.build_extension(self, ext)
  File "/home/DAVIDSON/taawal/.conda/envs/alpha/lib/python3.10/site-packages/setuptools/_distutils/command/build_ext.py", line 548, in build_extension
    objects = self.compiler.compile(
  File "/home/DAVIDSON/taawal/.conda/envs/alpha/lib/python3.10/site-packages/setuptools/_distutils/ccompiler.py", line 600, in compile
    self._compile(obj, src, ext, cc_args, extra_postargs, pp_opts)
  File "/home/DAVIDSON/taawal/.conda/envs/alpha/lib/python3.10/site-packages/torch/utils/cpp_extension.py", line 581, in unix_wrap_single_compile
    cflags = unix_cuda_flags(cflags)
  File "/home/DAVIDSON/taawal/.conda/envs/alpha/lib/python3.10/site-packages/torch/utils/cpp_extension.py", line 548, in unix_cuda_flags
    cflags + _get_cuda_arch_flags(cflags))
  File "/home/DAVIDSON/taawal/.conda/envs/alpha/lib/python3.10/site-packages/torch/utils/cpp_extension.py", line 1773, in _get_cuda_arch_flags
    arch_list[-1] += '+PTX'
IndexError: list index out of range
No CUDA runtime is found, using CUDA_HOME='/usr/local/cuda'
running install
/home/DAVIDSON/taawal/.conda/envs/alpha/lib/python3.10/site-packages/setuptools/_distutils/cmd.py:66: SetuptoolsDeprecationWarning: setup.py install is deprecated.
!!

        ********************************************************************************
        Please avoid running ``setup.py`` directly.
        Instead, use pypa/build, pypa/installer or other
        standards-based tools.

        See https://blog.ganssle.io/articles/2021/10/setup-py-deprecated.html for details.
        ********************************************************************************

!!
  self.initialize_options()
/home/DAVIDSON/taawal/.conda/envs/alpha/lib/python3.10/site-packages/setuptools/_distutils/cmd.py:66: EasyInstallDeprecationWarning: easy_install command is deprecated.
!!

        ********************************************************************************
        Please avoid running ``setup.py`` and ``easy_install``.
        Instead, use pypa/build, pypa/installer or other
        standards-based tools.

        See https://github.com/pypa/setuptools/issues/917 for details.
        ********************************************************************************

!!
  self.initialize_options()
running bdist_egg
running egg_info
creating gridding.egg-info
writing gridding.egg-info/PKG-INFO
writing dependency_links to gridding.egg-info/dependency_links.txt
writing top-level names to gridding.egg-info/top_level.txt
writing manifest file 'gridding.egg-info/SOURCES.txt'
/home/DAVIDSON/taawal/.conda/envs/alpha/lib/python3.10/site-packages/torch/utils/cpp_extension.py:476: UserWarning: Attempted to use ninja as the BuildExtension backend but we could not find ninja.. Falling back to using the slow distutils backend.
  warnings.warn(msg.format('we could not find ninja.'))
reading manifest file 'gridding.egg-info/SOURCES.txt'
writing manifest file 'gridding.egg-info/SOURCES.txt'
installing library code to build/bdist.linux-x86_64/egg
running install_lib
running build_ext
/home/DAVIDSON/taawal/.conda/envs/alpha/lib/python3.10/site-packages/torch/utils/cpp_extension.py:388: UserWarning: The detected CUDA version (11.8) has a minor version mismatch with the version that was used to compile PyTorch (11.7). Most likely this shouldn't be a problem.
  warnings.warn(CUDA_MISMATCH_WARN.format(cuda_str_version, torch.version.cuda))
/home/DAVIDSON/taawal/.conda/envs/alpha/lib/python3.10/site-packages/torch/utils/cpp_extension.py:398: UserWarning: There are no g++ version bounds defined for CUDA version 11.8
  warnings.warn(f'There are no {compiler_name} version bounds defined for CUDA version {cuda_str_version}')
building 'gridding' extension
creating build
creating build/temp.linux-x86_64-cpython-310
Traceback (most recent call last):
  File "/home/DAVIDSON/taawal/ATTPCPoinTr/extensions/gridding/setup.py", line 11, in <module>
    setup(name='gridding',
  File "/home/DAVIDSON/taawal/.conda/envs/alpha/lib/python3.10/site-packages/setuptools/__init__.py", line 107, in setup
    return distutils.core.setup(**attrs)
  File "/home/DAVIDSON/taawal/.conda/envs/alpha/lib/python3.10/site-packages/setuptools/_distutils/core.py", line 185, in setup
    return run_commands(dist)
  File "/home/DAVIDSON/taawal/.conda/envs/alpha/lib/python3.10/site-packages/setuptools/_distutils/core.py", line 201, in run_commands
    dist.run_commands()
  File "/home/DAVIDSON/taawal/.conda/envs/alpha/lib/python3.10/site-packages/setuptools/_distutils/dist.py", line 969, in run_commands
    self.run_command(cmd)
  File "/home/DAVIDSON/taawal/.conda/envs/alpha/lib/python3.10/site-packages/setuptools/dist.py", line 1234, in run_command
    super().run_command(command)
  File "/home/DAVIDSON/taawal/.conda/envs/alpha/lib/python3.10/site-packages/setuptools/_distutils/dist.py", line 988, in run_command
    cmd_obj.run()
  File "/home/DAVIDSON/taawal/.conda/envs/alpha/lib/python3.10/site-packages/setuptools/command/install.py", line 80, in run
    self.do_egg_install()
  File "/home/DAVIDSON/taawal/.conda/envs/alpha/lib/python3.10/site-packages/setuptools/command/install.py", line 129, in do_egg_install
    self.run_command('bdist_egg')
  File "/home/DAVIDSON/taawal/.conda/envs/alpha/lib/python3.10/site-packages/setuptools/_distutils/cmd.py", line 318, in run_command
    self.distribution.run_command(command)
  File "/home/DAVIDSON/taawal/.conda/envs/alpha/lib/python3.10/site-packages/setuptools/dist.py", line 1234, in run_command
    super().run_command(command)
  File "/home/DAVIDSON/taawal/.conda/envs/alpha/lib/python3.10/site-packages/setuptools/_distutils/dist.py", line 988, in run_command
    cmd_obj.run()
  File "/home/DAVIDSON/taawal/.conda/envs/alpha/lib/python3.10/site-packages/setuptools/command/bdist_egg.py", line 164, in run
    cmd = self.call_command('install_lib', warn_dir=0)
  File "/home/DAVIDSON/taawal/.conda/envs/alpha/lib/python3.10/site-packages/setuptools/command/bdist_egg.py", line 150, in call_command
    self.run_command(cmdname)
  File "/home/DAVIDSON/taawal/.conda/envs/alpha/lib/python3.10/site-packages/setuptools/_distutils/cmd.py", line 318, in run_command
    self.distribution.run_command(command)
  File "/home/DAVIDSON/taawal/.conda/envs/alpha/lib/python3.10/site-packages/setuptools/dist.py", line 1234, in run_command
    super().run_command(command)
  File "/home/DAVIDSON/taawal/.conda/envs/alpha/lib/python3.10/site-packages/setuptools/_distutils/dist.py", line 988, in run_command
    cmd_obj.run()
  File "/home/DAVIDSON/taawal/.conda/envs/alpha/lib/python3.10/site-packages/setuptools/command/install_lib.py", line 11, in run
    self.build()
  File "/home/DAVIDSON/taawal/.conda/envs/alpha/lib/python3.10/site-packages/setuptools/_distutils/command/install_lib.py", line 111, in build
    self.run_command('build_ext')
  File "/home/DAVIDSON/taawal/.conda/envs/alpha/lib/python3.10/site-packages/setuptools/_distutils/cmd.py", line 318, in run_command
    self.distribution.run_command(command)
  File "/home/DAVIDSON/taawal/.conda/envs/alpha/lib/python3.10/site-packages/setuptools/dist.py", line 1234, in run_command
    super().run_command(command)
  File "/home/DAVIDSON/taawal/.conda/envs/alpha/lib/python3.10/site-packages/setuptools/_distutils/dist.py", line 988, in run_command
    cmd_obj.run()
  File "/home/DAVIDSON/taawal/.conda/envs/alpha/lib/python3.10/site-packages/setuptools/command/build_ext.py", line 84, in run
    _build_ext.run(self)
  File "/home/DAVIDSON/taawal/.conda/envs/alpha/lib/python3.10/site-packages/setuptools/_distutils/command/build_ext.py", line 345, in run
    self.build_extensions()
  File "/home/DAVIDSON/taawal/.conda/envs/alpha/lib/python3.10/site-packages/torch/utils/cpp_extension.py", line 843, in build_extensions
    build_ext.build_extensions(self)
  File "/home/DAVIDSON/taawal/.conda/envs/alpha/lib/python3.10/site-packages/setuptools/_distutils/command/build_ext.py", line 467, in build_extensions
    self._build_extensions_serial()
  File "/home/DAVIDSON/taawal/.conda/envs/alpha/lib/python3.10/site-packages/setuptools/_distutils/command/build_ext.py", line 493, in _build_extensions_serial
    self.build_extension(ext)
  File "/home/DAVIDSON/taawal/.conda/envs/alpha/lib/python3.10/site-packages/setuptools/command/build_ext.py", line 246, in build_extension
    _build_ext.build_extension(self, ext)
  File "/home/DAVIDSON/taawal/.conda/envs/alpha/lib/python3.10/site-packages/setuptools/_distutils/command/build_ext.py", line 548, in build_extension
    objects = self.compiler.compile(
  File "/home/DAVIDSON/taawal/.conda/envs/alpha/lib/python3.10/site-packages/setuptools/_distutils/ccompiler.py", line 600, in compile
    self._compile(obj, src, ext, cc_args, extra_postargs, pp_opts)
  File "/home/DAVIDSON/taawal/.conda/envs/alpha/lib/python3.10/site-packages/torch/utils/cpp_extension.py", line 581, in unix_wrap_single_compile
    cflags = unix_cuda_flags(cflags)
  File "/home/DAVIDSON/taawal/.conda/envs/alpha/lib/python3.10/site-packages/torch/utils/cpp_extension.py", line 548, in unix_cuda_flags
    cflags + _get_cuda_arch_flags(cflags))
  File "/home/DAVIDSON/taawal/.conda/envs/alpha/lib/python3.10/site-packages/torch/utils/cpp_extension.py", line 1773, in _get_cuda_arch_flags
    arch_list[-1] += '+PTX'
IndexError: list index out of range
No CUDA runtime is found, using CUDA_HOME='/usr/local/cuda'
running install
/home/DAVIDSON/taawal/.conda/envs/alpha/lib/python3.10/site-packages/setuptools/_distutils/cmd.py:66: SetuptoolsDeprecationWarning: setup.py install is deprecated.
!!

        ********************************************************************************
        Please avoid running ``setup.py`` directly.
        Instead, use pypa/build, pypa/installer or other
        standards-based tools.

        See https://blog.ganssle.io/articles/2021/10/setup-py-deprecated.html for details.
        ********************************************************************************

!!
  self.initialize_options()
/home/DAVIDSON/taawal/.conda/envs/alpha/lib/python3.10/site-packages/setuptools/_distutils/cmd.py:66: EasyInstallDeprecationWarning: easy_install command is deprecated.
!!

        ********************************************************************************
        Please avoid running ``setup.py`` and ``easy_install``.
        Instead, use pypa/build, pypa/installer or other
        standards-based tools.

        See https://github.com/pypa/setuptools/issues/917 for details.
        ********************************************************************************

!!
  self.initialize_options()
running bdist_egg
running egg_info
creating gridding_distance.egg-info
writing gridding_distance.egg-info/PKG-INFO
writing dependency_links to gridding_distance.egg-info/dependency_links.txt
writing top-level names to gridding_distance.egg-info/top_level.txt
writing manifest file 'gridding_distance.egg-info/SOURCES.txt'
/home/DAVIDSON/taawal/.conda/envs/alpha/lib/python3.10/site-packages/torch/utils/cpp_extension.py:476: UserWarning: Attempted to use ninja as the BuildExtension backend but we could not find ninja.. Falling back to using the slow distutils backend.
  warnings.warn(msg.format('we could not find ninja.'))
reading manifest file 'gridding_distance.egg-info/SOURCES.txt'
writing manifest file 'gridding_distance.egg-info/SOURCES.txt'
installing library code to build/bdist.linux-x86_64/egg
running install_lib
running build_ext
/home/DAVIDSON/taawal/.conda/envs/alpha/lib/python3.10/site-packages/torch/utils/cpp_extension.py:388: UserWarning: The detected CUDA version (11.8) has a minor version mismatch with the version that was used to compile PyTorch (11.7). Most likely this shouldn't be a problem.
  warnings.warn(CUDA_MISMATCH_WARN.format(cuda_str_version, torch.version.cuda))
/home/DAVIDSON/taawal/.conda/envs/alpha/lib/python3.10/site-packages/torch/utils/cpp_extension.py:398: UserWarning: There are no g++ version bounds defined for CUDA version 11.8
  warnings.warn(f'There are no {compiler_name} version bounds defined for CUDA version {cuda_str_version}')
building 'gridding_distance' extension
creating build
creating build/temp.linux-x86_64-cpython-310
Traceback (most recent call last):
  File "/home/DAVIDSON/taawal/ATTPCPoinTr/extensions/gridding_loss/setup.py", line 11, in <module>
    setup(name='gridding_distance',
  File "/home/DAVIDSON/taawal/.conda/envs/alpha/lib/python3.10/site-packages/setuptools/__init__.py", line 107, in setup
    return distutils.core.setup(**attrs)
  File "/home/DAVIDSON/taawal/.conda/envs/alpha/lib/python3.10/site-packages/setuptools/_distutils/core.py", line 185, in setup
    return run_commands(dist)
  File "/home/DAVIDSON/taawal/.conda/envs/alpha/lib/python3.10/site-packages/setuptools/_distutils/core.py", line 201, in run_commands
    dist.run_commands()
  File "/home/DAVIDSON/taawal/.conda/envs/alpha/lib/python3.10/site-packages/setuptools/_distutils/dist.py", line 969, in run_commands
    self.run_command(cmd)
  File "/home/DAVIDSON/taawal/.conda/envs/alpha/lib/python3.10/site-packages/setuptools/dist.py", line 1234, in run_command
    super().run_command(command)
  File "/home/DAVIDSON/taawal/.conda/envs/alpha/lib/python3.10/site-packages/setuptools/_distutils/dist.py", line 988, in run_command
    cmd_obj.run()
  File "/home/DAVIDSON/taawal/.conda/envs/alpha/lib/python3.10/site-packages/setuptools/command/install.py", line 80, in run
    self.do_egg_install()
  File "/home/DAVIDSON/taawal/.conda/envs/alpha/lib/python3.10/site-packages/setuptools/command/install.py", line 129, in do_egg_install
    self.run_command('bdist_egg')
  File "/home/DAVIDSON/taawal/.conda/envs/alpha/lib/python3.10/site-packages/setuptools/_distutils/cmd.py", line 318, in run_command
    self.distribution.run_command(command)
  File "/home/DAVIDSON/taawal/.conda/envs/alpha/lib/python3.10/site-packages/setuptools/dist.py", line 1234, in run_command
    super().run_command(command)
  File "/home/DAVIDSON/taawal/.conda/envs/alpha/lib/python3.10/site-packages/setuptools/_distutils/dist.py", line 988, in run_command
    cmd_obj.run()
  File "/home/DAVIDSON/taawal/.conda/envs/alpha/lib/python3.10/site-packages/setuptools/command/bdist_egg.py", line 164, in run
    cmd = self.call_command('install_lib', warn_dir=0)
  File "/home/DAVIDSON/taawal/.conda/envs/alpha/lib/python3.10/site-packages/setuptools/command/bdist_egg.py", line 150, in call_command
    self.run_command(cmdname)
  File "/home/DAVIDSON/taawal/.conda/envs/alpha/lib/python3.10/site-packages/setuptools/_distutils/cmd.py", line 318, in run_command
    self.distribution.run_command(command)
  File "/home/DAVIDSON/taawal/.conda/envs/alpha/lib/python3.10/site-packages/setuptools/dist.py", line 1234, in run_command
    super().run_command(command)
  File "/home/DAVIDSON/taawal/.conda/envs/alpha/lib/python3.10/site-packages/setuptools/_distutils/dist.py", line 988, in run_command
    cmd_obj.run()
  File "/home/DAVIDSON/taawal/.conda/envs/alpha/lib/python3.10/site-packages/setuptools/command/install_lib.py", line 11, in run
    self.build()
  File "/home/DAVIDSON/taawal/.conda/envs/alpha/lib/python3.10/site-packages/setuptools/_distutils/command/install_lib.py", line 111, in build
    self.run_command('build_ext')
  File "/home/DAVIDSON/taawal/.conda/envs/alpha/lib/python3.10/site-packages/setuptools/_distutils/cmd.py", line 318, in run_command
    self.distribution.run_command(command)
  File "/home/DAVIDSON/taawal/.conda/envs/alpha/lib/python3.10/site-packages/setuptools/dist.py", line 1234, in run_command
    super().run_command(command)
  File "/home/DAVIDSON/taawal/.conda/envs/alpha/lib/python3.10/site-packages/setuptools/_distutils/dist.py", line 988, in run_command
    cmd_obj.run()
  File "/home/DAVIDSON/taawal/.conda/envs/alpha/lib/python3.10/site-packages/setuptools/command/build_ext.py", line 84, in run
    _build_ext.run(self)
  File "/home/DAVIDSON/taawal/.conda/envs/alpha/lib/python3.10/site-packages/setuptools/_distutils/command/build_ext.py", line 345, in run
    self.build_extensions()
  File "/home/DAVIDSON/taawal/.conda/envs/alpha/lib/python3.10/site-packages/torch/utils/cpp_extension.py", line 843, in build_extensions
    build_ext.build_extensions(self)
  File "/home/DAVIDSON/taawal/.conda/envs/alpha/lib/python3.10/site-packages/setuptools/_distutils/command/build_ext.py", line 467, in build_extensions
    self._build_extensions_serial()
  File "/home/DAVIDSON/taawal/.conda/envs/alpha/lib/python3.10/site-packages/setuptools/_distutils/command/build_ext.py", line 493, in _build_extensions_serial
    self.build_extension(ext)
  File "/home/DAVIDSON/taawal/.conda/envs/alpha/lib/python3.10/site-packages/setuptools/command/build_ext.py", line 246, in build_extension
    _build_ext.build_extension(self, ext)
  File "/home/DAVIDSON/taawal/.conda/envs/alpha/lib/python3.10/site-packages/setuptools/_distutils/command/build_ext.py", line 548, in build_extension
    objects = self.compiler.compile(
  File "/home/DAVIDSON/taawal/.conda/envs/alpha/lib/python3.10/site-packages/setuptools/_distutils/ccompiler.py", line 600, in compile
    self._compile(obj, src, ext, cc_args, extra_postargs, pp_opts)
  File "/home/DAVIDSON/taawal/.conda/envs/alpha/lib/python3.10/site-packages/torch/utils/cpp_extension.py", line 581, in unix_wrap_single_compile
    cflags = unix_cuda_flags(cflags)
  File "/home/DAVIDSON/taawal/.conda/envs/alpha/lib/python3.10/site-packages/torch/utils/cpp_extension.py", line 548, in unix_cuda_flags
    cflags + _get_cuda_arch_flags(cflags))
  File "/home/DAVIDSON/taawal/.conda/envs/alpha/lib/python3.10/site-packages/torch/utils/cpp_extension.py", line 1773, in _get_cuda_arch_flags
    arch_list[-1] += '+PTX'
IndexError: list index out of range
